17:33:28.051 [http-nio-8190-exec-1] ERROR o.a.c.c.C.[.[.[.[dispatcherServlet] - [log,175] - Servlet.service() for servlet [dispatcherServlet] in context with path [/config] threw exception [Request processing failed; nested exception is org.springframework.data.mapping.MappingException: Ambiguous field mapping detected! Both @org.springframework.data.mongodb.core.mapping.Field(name=status, order=2147483647, targetType=IMPLICIT, value=status)java.lang.String com.hm.tzgis.entity.Version.date and @org.springframework.data.mongodb.core.mapping.Field(name=status, order=2147483647, targetType=IMPLICIT, value=status)int com.hm.tzgis.entity.Version.status map to the same field name status! Disambiguate using @Field annotation!] with root cause
org.springframework.data.mapping.MappingException: Ambiguous field mapping detected! Both @org.springframework.data.mongodb.core.mapping.Field(name=status, order=2147483647, targetType=IMPLICIT, value=status)java.lang.String com.hm.tzgis.entity.Version.date and @org.springframework.data.mongodb.core.mapping.Field(name=status, order=2147483647, targetType=IMPLICIT, value=status)int com.hm.tzgis.entity.Version.status map to the same field name status! Disambiguate using @Field annotation!
	at org.springframework.data.mongodb.core.mapping.BasicMongoPersistentEntity$AssertFieldNameUniquenessHandler.assertUniqueness(BasicMongoPersistentEntity.java:326)
	at org.springframework.data.mongodb.core.mapping.BasicMongoPersistentEntity$AssertFieldNameUniquenessHandler.doWithPersistentProperty(BasicMongoPersistentEntity.java:312)
	at org.springframework.data.mongodb.core.mapping.BasicMongoPersistentEntity$AssertFieldNameUniquenessHandler.doWithPersistentProperty(BasicMongoPersistentEntity.java:306)
	at org.springframework.data.mapping.model.BasicPersistentEntity.doWithProperties(BasicPersistentEntity.java:353)
	at org.springframework.data.mongodb.core.mapping.BasicMongoPersistentEntity.verifyFieldUniqueness(BasicMongoPersistentEntity.java:189)
	at org.springframework.data.mongodb.core.mapping.BasicMongoPersistentEntity.verify(BasicMongoPersistentEntity.java:172)
	at org.springframework.data.mapping.context.AbstractMappingContext.addPersistentEntity(AbstractMappingContext.java:377)
	at org.springframework.data.mapping.context.AbstractMappingContext.getPersistentEntity(AbstractMappingContext.java:248)
	at org.springframework.data.mapping.context.AbstractMappingContext.getPersistentEntity(AbstractMappingContext.java:191)
	at org.springframework.data.mapping.context.AbstractMappingContext.getPersistentEntity(AbstractMappingContext.java:85)
	at org.springframework.data.mapping.context.MappingContext.getRequiredPersistentEntity(MappingContext.java:73)
	at org.springframework.data.mongodb.core.EntityOperations$AdaptibleMappedEntity.of(EntityOperations.java:652)
	at org.springframework.data.mongodb.core.EntityOperations$AdaptibleMappedEntity.access$100(EntityOperations.java:632)
	at org.springframework.data.mongodb.core.EntityOperations.forEntity(EntityOperations.java:108)
	at org.springframework.data.mongodb.core.MongoTemplate.doInsertBatch(MongoTemplate.java:1372)
	at org.springframework.data.mongodb.core.MongoTemplate.insert(MongoTemplate.java:1318)
	at com.hm.tzgis.dao.MangoBaseDao.insertAll(MangoBaseDao.java:105)
	at com.hm.tzgis.controller.SysModelController.initVersionByGrid(SysModelController.java:339)
	at com.hm.tzgis.controller.SysModelController$$FastClassBySpringCGLIB$$79a8a64b.invoke(<generated>)
	at org.springframework.cglib.proxy.MethodProxy.invoke(MethodProxy.java:218)
	at org.springframework.aop.framework.CglibAopProxy$CglibMethodInvocation.invokeJoinpoint(CglibAopProxy.java:771)
	at org.springframework.aop.framework.ReflectiveMethodInvocation.proceed(ReflectiveMethodInvocation.java:163)
	at org.springframework.aop.framework.CglibAopProxy$CglibMethodInvocation.proceed(CglibAopProxy.java:749)
	at org.springframework.transaction.interceptor.TransactionAspectSupport.invokeWithinTransaction(TransactionAspectSupport.java:367)
	at org.springframework.transaction.interceptor.TransactionInterceptor.invoke(TransactionInterceptor.java:118)
	at org.springframework.aop.framework.ReflectiveMethodInvocation.proceed(ReflectiveMethodInvocation.java:186)
	at org.springframework.aop.framework.CglibAopProxy$CglibMethodInvocation.proceed(CglibAopProxy.java:749)
	at org.springframework.aop.framework.CglibAopProxy$DynamicAdvisedInterceptor.intercept(CglibAopProxy.java:691)
	at com.hm.tzgis.controller.SysModelController$$EnhancerBySpringCGLIB$$b4f2569e.initVersionByGrid(<generated>)
	at sun.reflect.NativeMethodAccessorImpl.invoke0(Native Method)
	at sun.reflect.NativeMethodAccessorImpl.invoke(NativeMethodAccessorImpl.java:62)
	at sun.reflect.DelegatingMethodAccessorImpl.invoke(DelegatingMethodAccessorImpl.java:43)
	at java.lang.reflect.Method.invoke(Method.java:498)
	at org.springframework.web.method.support.InvocableHandlerMethod.doInvoke(InvocableHandlerMethod.java:190)
	at org.springframework.web.method.support.InvocableHandlerMethod.invokeForRequest(InvocableHandlerMethod.java:138)
	at org.springframework.web.servlet.mvc.method.annotation.ServletInvocableHandlerMethod.invokeAndHandle(ServletInvocableHandlerMethod.java:105)
	at org.springframework.web.servlet.mvc.method.annotation.RequestMappingHandlerAdapter.invokeHandlerMethod(RequestMappingHandlerAdapter.java:878)
	at org.springframework.web.servlet.mvc.method.annotation.RequestMappingHandlerAdapter.handleInternal(RequestMappingHandlerAdapter.java:792)
	at org.springframework.web.servlet.mvc.method.AbstractHandlerMethodAdapter.handle(AbstractHandlerMethodAdapter.java:87)
	at org.springframework.web.servlet.DispatcherServlet.doDispatch(DispatcherServlet.java:1040)
	at org.springframework.web.servlet.DispatcherServlet.doService(DispatcherServlet.java:943)
	at org.springframework.web.servlet.FrameworkServlet.processRequest(FrameworkServlet.java:1006)
	at org.springframework.web.servlet.FrameworkServlet.doPost(FrameworkServlet.java:909)
	at javax.servlet.http.HttpServlet.service(HttpServlet.java:652)
	at org.springframework.web.servlet.FrameworkServlet.service(FrameworkServlet.java:883)
	at javax.servlet.http.HttpServlet.service(HttpServlet.java:733)
	at org.apache.catalina.core.ApplicationFilterChain.internalDoFilter(ApplicationFilterChain.java:231)
	at org.apache.catalina.core.ApplicationFilterChain.doFilter(ApplicationFilterChain.java:166)
	at org.apache.tomcat.websocket.server.WsFilter.doFilter(WsFilter.java:53)
	at org.apache.catalina.core.ApplicationFilterChain.internalDoFilter(ApplicationFilterChain.java:193)
	at org.apache.catalina.core.ApplicationFilterChain.doFilter(ApplicationFilterChain.java:166)
	at org.springframework.web.filter.RequestContextFilter.doFilterInternal(RequestContextFilter.java:100)
	at org.springframework.web.filter.OncePerRequestFilter.doFilter(OncePerRequestFilter.java:119)
	at org.apache.catalina.core.ApplicationFilterChain.internalDoFilter(ApplicationFilterChain.java:193)
	at org.apache.catalina.core.ApplicationFilterChain.doFilter(ApplicationFilterChain.java:166)
	at org.springframework.web.filter.FormContentFilter.doFilterInternal(FormContentFilter.java:93)
	at org.springframework.web.filter.OncePerRequestFilter.doFilter(OncePerRequestFilter.java:119)
	at org.apache.catalina.core.ApplicationFilterChain.internalDoFilter(ApplicationFilterChain.java:193)
	at org.apache.catalina.core.ApplicationFilterChain.doFilter(ApplicationFilterChain.java:166)
	at org.springframework.web.filter.CharacterEncodingFilter.doFilterInternal(CharacterEncodingFilter.java:201)
	at org.springframework.web.filter.OncePerRequestFilter.doFilter(OncePerRequestFilter.java:119)
	at org.apache.catalina.core.ApplicationFilterChain.internalDoFilter(ApplicationFilterChain.java:193)
	at org.apache.catalina.core.ApplicationFilterChain.doFilter(ApplicationFilterChain.java:166)
	at org.apache.catalina.core.StandardWrapperValve.invoke(StandardWrapperValve.java:202)
	at org.apache.catalina.core.StandardContextValve.invoke(StandardContextValve.java:97)
	at org.apache.catalina.authenticator.AuthenticatorBase.invoke(AuthenticatorBase.java:542)
	at org.apache.catalina.core.StandardHostValve.invoke(StandardHostValve.java:143)
	at org.apache.catalina.valves.ErrorReportValve.invoke(ErrorReportValve.java:92)
	at org.apache.catalina.core.StandardEngineValve.invoke(StandardEngineValve.java:78)
	at org.apache.catalina.connector.CoyoteAdapter.service(CoyoteAdapter.java:343)
	at org.apache.coyote.http11.Http11Processor.service(Http11Processor.java:374)
	at org.apache.coyote.AbstractProcessorLight.process(AbstractProcessorLight.java:65)
	at org.apache.coyote.AbstractProtocol$ConnectionHandler.process(AbstractProtocol.java:888)
	at org.apache.tomcat.util.net.NioEndpoint$SocketProcessor.doRun(NioEndpoint.java:1597)
	at org.apache.tomcat.util.net.SocketProcessorBase.run(SocketProcessorBase.java:49)
	at java.util.concurrent.ThreadPoolExecutor.runWorker(ThreadPoolExecutor.java:1142)
	at java.util.concurrent.ThreadPoolExecutor$Worker.run(ThreadPoolExecutor.java:617)
	at org.apache.tomcat.util.threads.TaskThread$WrappingRunnable.run(TaskThread.java:61)
	at java.lang.Thread.run(Thread.java:745)
17:35:55.235 [http-nio-8190-exec-3] ERROR o.a.c.c.C.[.[.[.[dispatcherServlet] - [log,175] - Servlet.service() for servlet [dispatcherServlet] in context with path [/config] threw exception [Request processing failed; nested exception is org.springframework.data.mapping.MappingException: Ambiguous field mapping detected! Both @org.springframework.data.mongodb.core.mapping.Field(name=status, order=2147483647, targetType=IMPLICIT, value=status)java.lang.String com.hm.tzgis.entity.Version.date and @org.springframework.data.mongodb.core.mapping.Field(name=status, order=2147483647, targetType=IMPLICIT, value=status)int com.hm.tzgis.entity.Version.status map to the same field name status! Disambiguate using @Field annotation!] with root cause
org.springframework.data.mapping.MappingException: Ambiguous field mapping detected! Both @org.springframework.data.mongodb.core.mapping.Field(name=status, order=2147483647, targetType=IMPLICIT, value=status)java.lang.String com.hm.tzgis.entity.Version.date and @org.springframework.data.mongodb.core.mapping.Field(name=status, order=2147483647, targetType=IMPLICIT, value=status)int com.hm.tzgis.entity.Version.status map to the same field name status! Disambiguate using @Field annotation!
	at org.springframework.data.mongodb.core.mapping.BasicMongoPersistentEntity$AssertFieldNameUniquenessHandler.assertUniqueness(BasicMongoPersistentEntity.java:326)
	at org.springframework.data.mongodb.core.mapping.BasicMongoPersistentEntity$AssertFieldNameUniquenessHandler.doWithPersistentProperty(BasicMongoPersistentEntity.java:312)
	at org.springframework.data.mongodb.core.mapping.BasicMongoPersistentEntity$AssertFieldNameUniquenessHandler.doWithPersistentProperty(BasicMongoPersistentEntity.java:306)
	at org.springframework.data.mapping.model.BasicPersistentEntity.doWithProperties(BasicPersistentEntity.java:353)
	at org.springframework.data.mongodb.core.mapping.BasicMongoPersistentEntity.verifyFieldUniqueness(BasicMongoPersistentEntity.java:189)
	at org.springframework.data.mongodb.core.mapping.BasicMongoPersistentEntity.verify(BasicMongoPersistentEntity.java:172)
	at org.springframework.data.mapping.context.AbstractMappingContext.addPersistentEntity(AbstractMappingContext.java:377)
	at org.springframework.data.mapping.context.AbstractMappingContext.getPersistentEntity(AbstractMappingContext.java:248)
	at org.springframework.data.mapping.context.AbstractMappingContext.getPersistentEntity(AbstractMappingContext.java:191)
	at org.springframework.data.mapping.context.AbstractMappingContext.getPersistentEntity(AbstractMappingContext.java:85)
	at org.springframework.data.mapping.context.MappingContext.getRequiredPersistentEntity(MappingContext.java:73)
	at org.springframework.data.mongodb.core.EntityOperations$AdaptibleMappedEntity.of(EntityOperations.java:652)
	at org.springframework.data.mongodb.core.EntityOperations$AdaptibleMappedEntity.access$100(EntityOperations.java:632)
	at org.springframework.data.mongodb.core.EntityOperations.forEntity(EntityOperations.java:108)
	at org.springframework.data.mongodb.core.MongoTemplate.doInsertBatch(MongoTemplate.java:1372)
	at org.springframework.data.mongodb.core.MongoTemplate.insert(MongoTemplate.java:1318)
	at com.hm.tzgis.dao.MangoBaseDao.insertAll(MangoBaseDao.java:105)
	at com.hm.tzgis.controller.SysModelController.initVersionByGrid(SysModelController.java:339)
	at com.hm.tzgis.controller.SysModelController$$FastClassBySpringCGLIB$$79a8a64b.invoke(<generated>)
	at org.springframework.cglib.proxy.MethodProxy.invoke(MethodProxy.java:218)
	at org.springframework.aop.framework.CglibAopProxy$CglibMethodInvocation.invokeJoinpoint(CglibAopProxy.java:771)
	at org.springframework.aop.framework.ReflectiveMethodInvocation.proceed(ReflectiveMethodInvocation.java:163)
	at org.springframework.aop.framework.CglibAopProxy$CglibMethodInvocation.proceed(CglibAopProxy.java:749)
	at org.springframework.transaction.interceptor.TransactionAspectSupport.invokeWithinTransaction(TransactionAspectSupport.java:367)
	at org.springframework.transaction.interceptor.TransactionInterceptor.invoke(TransactionInterceptor.java:118)
	at org.springframework.aop.framework.ReflectiveMethodInvocation.proceed(ReflectiveMethodInvocation.java:186)
	at org.springframework.aop.framework.CglibAopProxy$CglibMethodInvocation.proceed(CglibAopProxy.java:749)
	at org.springframework.aop.framework.CglibAopProxy$DynamicAdvisedInterceptor.intercept(CglibAopProxy.java:691)
	at com.hm.tzgis.controller.SysModelController$$EnhancerBySpringCGLIB$$b4f2569e.initVersionByGrid(<generated>)
	at sun.reflect.NativeMethodAccessorImpl.invoke0(Native Method)
	at sun.reflect.NativeMethodAccessorImpl.invoke(NativeMethodAccessorImpl.java:62)
	at sun.reflect.DelegatingMethodAccessorImpl.invoke(DelegatingMethodAccessorImpl.java:43)
	at java.lang.reflect.Method.invoke(Method.java:498)
	at org.springframework.web.method.support.InvocableHandlerMethod.doInvoke(InvocableHandlerMethod.java:190)
	at org.springframework.web.method.support.InvocableHandlerMethod.invokeForRequest(InvocableHandlerMethod.java:138)
	at org.springframework.web.servlet.mvc.method.annotation.ServletInvocableHandlerMethod.invokeAndHandle(ServletInvocableHandlerMethod.java:105)
	at org.springframework.web.servlet.mvc.method.annotation.RequestMappingHandlerAdapter.invokeHandlerMethod(RequestMappingHandlerAdapter.java:878)
	at org.springframework.web.servlet.mvc.method.annotation.RequestMappingHandlerAdapter.handleInternal(RequestMappingHandlerAdapter.java:792)
	at org.springframework.web.servlet.mvc.method.AbstractHandlerMethodAdapter.handle(AbstractHandlerMethodAdapter.java:87)
	at org.springframework.web.servlet.DispatcherServlet.doDispatch(DispatcherServlet.java:1040)
	at org.springframework.web.servlet.DispatcherServlet.doService(DispatcherServlet.java:943)
	at org.springframework.web.servlet.FrameworkServlet.processRequest(FrameworkServlet.java:1006)
	at org.springframework.web.servlet.FrameworkServlet.doPost(FrameworkServlet.java:909)
	at javax.servlet.http.HttpServlet.service(HttpServlet.java:652)
	at org.springframework.web.servlet.FrameworkServlet.service(FrameworkServlet.java:883)
	at javax.servlet.http.HttpServlet.service(HttpServlet.java:733)
	at org.apache.catalina.core.ApplicationFilterChain.internalDoFilter(ApplicationFilterChain.java:231)
	at org.apache.catalina.core.ApplicationFilterChain.doFilter(ApplicationFilterChain.java:166)
	at org.apache.tomcat.websocket.server.WsFilter.doFilter(WsFilter.java:53)
	at org.apache.catalina.core.ApplicationFilterChain.internalDoFilter(ApplicationFilterChain.java:193)
	at org.apache.catalina.core.ApplicationFilterChain.doFilter(ApplicationFilterChain.java:166)
	at org.springframework.web.filter.RequestContextFilter.doFilterInternal(RequestContextFilter.java:100)
	at org.springframework.web.filter.OncePerRequestFilter.doFilter(OncePerRequestFilter.java:119)
	at org.apache.catalina.core.ApplicationFilterChain.internalDoFilter(ApplicationFilterChain.java:193)
	at org.apache.catalina.core.ApplicationFilterChain.doFilter(ApplicationFilterChain.java:166)
	at org.springframework.web.filter.FormContentFilter.doFilterInternal(FormContentFilter.java:93)
	at org.springframework.web.filter.OncePerRequestFilter.doFilter(OncePerRequestFilter.java:119)
	at org.apache.catalina.core.ApplicationFilterChain.internalDoFilter(ApplicationFilterChain.java:193)
	at org.apache.catalina.core.ApplicationFilterChain.doFilter(ApplicationFilterChain.java:166)
	at org.springframework.web.filter.CharacterEncodingFilter.doFilterInternal(CharacterEncodingFilter.java:201)
	at org.springframework.web.filter.OncePerRequestFilter.doFilter(OncePerRequestFilter.java:119)
	at org.apache.catalina.core.ApplicationFilterChain.internalDoFilter(ApplicationFilterChain.java:193)
	at org.apache.catalina.core.ApplicationFilterChain.doFilter(ApplicationFilterChain.java:166)
	at org.apache.catalina.core.StandardWrapperValve.invoke(StandardWrapperValve.java:202)
	at org.apache.catalina.core.StandardContextValve.invoke(StandardContextValve.java:97)
	at org.apache.catalina.authenticator.AuthenticatorBase.invoke(AuthenticatorBase.java:542)
	at org.apache.catalina.core.StandardHostValve.invoke(StandardHostValve.java:143)
	at org.apache.catalina.valves.ErrorReportValve.invoke(ErrorReportValve.java:92)
	at org.apache.catalina.core.StandardEngineValve.invoke(StandardEngineValve.java:78)
	at org.apache.catalina.connector.CoyoteAdapter.service(CoyoteAdapter.java:343)
	at org.apache.coyote.http11.Http11Processor.service(Http11Processor.java:374)
	at org.apache.coyote.AbstractProcessorLight.process(AbstractProcessorLight.java:65)
	at org.apache.coyote.AbstractProtocol$ConnectionHandler.process(AbstractProtocol.java:888)
	at org.apache.tomcat.util.net.NioEndpoint$SocketProcessor.doRun(NioEndpoint.java:1597)
	at org.apache.tomcat.util.net.SocketProcessorBase.run(SocketProcessorBase.java:49)
	at java.util.concurrent.ThreadPoolExecutor.runWorker(ThreadPoolExecutor.java:1142)
	at java.util.concurrent.ThreadPoolExecutor$Worker.run(ThreadPoolExecutor.java:617)
	at org.apache.tomcat.util.threads.TaskThread$WrappingRunnable.run(TaskThread.java:61)
	at java.lang.Thread.run(Thread.java:745)
